\BOOKMARK [0][-]{chapter.1}{Introduction}{}% 1
\BOOKMARK [1][-]{section.1.1}{The Standard Model}{chapter.1}% 2
\BOOKMARK [1][-]{section.1.2}{Symmetry Violation}{chapter.1}% 3
\BOOKMARK [1][-]{section.1.3}{CKM mechanism}{chapter.1}% 4
\BOOKMARK [1][-]{section.1.4}{Time Dependent CP violation}{chapter.1}% 5
\BOOKMARK [2][-]{subsection.1.4.1}{ CP violation in neutral B system}{section.1.4}% 6
\BOOKMARK [2][-]{subsection.1.4.2}{1 from B0 J/K0S}{section.1.4}% 7
\BOOKMARK [2][-]{subsection.1.4.3}{1 from penguin-dominated mode bqs}{section.1.4}% 8
\BOOKMARK [2][-]{subsection.1.4.4}{1 from B0 KS0 KS0 KS0}{section.1.4}% 9
\BOOKMARK [0][-]{chapter.2}{Belle II experiment}{}% 10
\BOOKMARK [1][-]{section.2.1}{Belle II and SuperKEKB overview}{chapter.2}% 11
\BOOKMARK [1][-]{section.2.2}{Vertex detector \(VXD\)}{chapter.2}% 12
\BOOKMARK [1][-]{section.2.3}{Central drift chamber \(CDC\)}{chapter.2}% 13
\BOOKMARK [1][-]{section.2.4}{TOP and ARICH detectors}{chapter.2}% 14
\BOOKMARK [1][-]{section.2.5}{Electromagnetic calorimeter \(ECL\)}{chapter.2}% 15
\BOOKMARK [1][-]{section.2.6}{KL0 muon detector \(KLM\)}{chapter.2}% 16
\BOOKMARK [1][-]{section.2.7}{Trigger and DAQ system}{chapter.2}% 17
\BOOKMARK [1][-]{section.2.8}{Analysis software framework}{chapter.2}% 18
\BOOKMARK [2][-]{subsection.2.8.1}{BASF2 Core Structure}{section.2.8}% 19
\BOOKMARK [2][-]{subsection.2.8.2}{Event processing workflow}{section.2.8}% 20
\BOOKMARK [2][-]{subsection.2.8.3}{mDST structure}{section.2.8}% 21
\BOOKMARK [2][-]{subsection.2.8.4}{Conditional Database}{section.2.8}% 22
\BOOKMARK [1][-]{section.2.9}{Belle II simulation}{chapter.2}% 23
\BOOKMARK [1][-]{section.2.10}{Belle II data taking}{chapter.2}% 24
\BOOKMARK [0][-]{chapter.3}{KS0 reconstruction study}{}% 25
\BOOKMARK [1][-]{section.3.1}{Cut-based KS0 Reconstruction}{chapter.3}% 26
\BOOKMARK [1][-]{section.3.2}{MVA-based KS0 selection}{chapter.3}% 27
\BOOKMARK [2][-]{subsection.3.2.1}{Belle II KS0 classification}{section.3.2}% 28
\BOOKMARK [2][-]{subsection.3.2.2}{Decay Topology of KS0 + -}{section.3.2}% 29
\BOOKMARK [2][-]{subsection.3.2.3}{Determination of training observables from KS0 decay }{section.3.2}% 30
\BOOKMARK [2][-]{subsection.3.2.4}{Training, Applying and Testing of KsFinder}{section.3.2}% 31
\BOOKMARK [2][-]{subsection.3.2.5}{The Performance and Over-fitting check}{section.3.2}% 32
\BOOKMARK [2][-]{subsection.3.2.6}{Data Validation for KsFinder}{section.3.2}% 33
\BOOKMARK [2][-]{subsection.3.2.7}{Data and MC correction by KsFinder}{section.3.2}% 34
\BOOKMARK [0][-]{chapter.4}{B0 reconstruction study}{}% 35
\BOOKMARK [1][-]{section.4.1}{KS0 Selection}{chapter.4}% 36
\BOOKMARK [1][-]{section.4.2}{B0 Reconstruction}{chapter.4}% 37
\BOOKMARK [1][-]{section.4.3}{Continuum Suppression}{chapter.4}% 38
\BOOKMARK [1][-]{section.4.4}{Resonance Background}{chapter.4}% 39
\BOOKMARK [1][-]{section.4.5}{B background and self-cross feed}{chapter.4}% 40
\BOOKMARK [1][-]{section.4.6}{Signal Extraction}{chapter.4}% 41
\BOOKMARK [1][-]{section.4.7}{Kinematics and Vertexing Dependence on KsFinder}{chapter.4}% 42
\BOOKMARK [0][-]{chapter.5}{CP parameters measurement}{}% 43
\BOOKMARK [1][-]{section.5.1}{Vertex Resolution Model}{chapter.5}% 44
\BOOKMARK [2][-]{subsection.5.1.1}{CP-side resolution function}{section.5.1}% 45
\BOOKMARK [2][-]{subsection.5.1.2}{Tag-side resolution function}{section.5.1}% 46
\BOOKMARK [2][-]{subsection.5.1.3}{Background events t distribution}{section.5.1}% 47
\BOOKMARK [1][-]{section.5.2}{Flavor Tagging}{chapter.5}% 48
\BOOKMARK [1][-]{section.5.3}{CP Fitter}{chapter.5}% 49
\BOOKMARK [1][-]{section.5.4}{Blind analysis and fit}{chapter.5}% 50
\BOOKMARK [2][-]{subsection.5.4.1}{CP fit on MC samples}{section.5.4}% 51
\BOOKMARK [2][-]{subsection.5.4.2}{Linearity Test}{section.5.4}% 52
\BOOKMARK [2][-]{subsection.5.4.3}{Toy MC Fit Pull}{section.5.4}% 53
\BOOKMARK [2][-]{subsection.5.4.4}{Lifetime and md Fit}{section.5.4}% 54
\BOOKMARK [1][-]{section.5.5}{CP fit on data}{chapter.5}% 55
\BOOKMARK [1][-]{section.5.6}{Systematic Uncertainty}{chapter.5}% 56
\BOOKMARK [0][-]{chapter.6}{Conclusion, discussion and prospect}{}% 57
\BOOKMARK [1][-]{section.6.1}{Improvements on statistical uncertainty}{chapter.6}% 58
\BOOKMARK [1][-]{section.6.2}{Improvements on systematic uncertainty}{chapter.6}% 59
\BOOKMARK [1][-]{section.6.3}{Total uncertainty of S at 50 ab-1}{chapter.6}% 60
\BOOKMARK [1][-]{section.6.4}{KsFinder importance}{chapter.6}% 61
\BOOKMARK [1][-]{section.6.5}{Prospect}{chapter.6}% 62
\BOOKMARK [0][-]{appendix.A}{Training Observables for KS0 Classifier}{}% 63
\BOOKMARK [0][-]{appendix.B}{Data Validation Plots for KS0}{}% 64
\BOOKMARK [0][-]{appendix.C}{Control Samples}{}% 65
\BOOKMARK [0][-]{appendix.D}{2KS0 invariant mass distribution where A,B and C are in the increasing order of momentum}{}% 66
